<?xml version="1.0" encoding="UTF-8"?>
<testsuite name="professorchaos0802.todo.ListUnitTest" tests="1" skipped="0" failures="0" errors="0" timestamp="2022-08-14T02:59:40" hostname="HAHMCM-STG4" time="0.015">
  <properties/>
  <testcase name="list_items_add_delete" classname="professorchaos0802.todo.ListUnitTest" time="0.015"/>
  <system-out><![CDATA[]]></system-out>
  <system-err><![CDATA[]]></system-err>
</testsuite>
